1488321612431	geckodriver	INFO	Listening on 127.0.0.1:47323
1488321613425	mozprofile::profile	INFO	Using profile path /tmp/rust_mozprofile.ZapCWn35c6Ku
1488321613427	geckodriver::marionette	INFO	Starting browser /usr/bin/firefox
1488321613489	geckodriver::marionette	INFO	Connecting to Marionette on localhost:44120
1488321617462	addons.xpi	WARN	Add-on langpack-en-GB@firefox.mozilla.org is not compatible with application version.
1488321617465	addons.xpi	WARN	Add-on langpack-en-GB@firefox.mozilla.org is not compatible with application version.
1488321617520	addons.xpi	WARN	Add-on langpack-en-ZA@firefox.mozilla.org is not compatible with application version.
1488321617524	addons.xpi	WARN	Add-on langpack-en-ZA@firefox.mozilla.org is not compatible with application version.
1488321618911	Marionette	INFO	Listening on port 44120
1488321619301	addons.xpi	WARN	Add-on langpack-en-GB@firefox.mozilla.org is not compatible with application version.
1488321619303	addons.xpi	WARN	Add-on langpack-en-ZA@firefox.mozilla.org is not compatible with application version.
1488321619317	addons.xpi	WARN	Add-on langpack-en-GB@firefox.mozilla.org is not compatible with application version.
1488321619318	addons.xpi	WARN	Add-on langpack-en-ZA@firefox.mozilla.org is not compatible with application version.
Vector smash protection is enabled.
JavaScript error: , line 0: Error: Permission denied to access property "href"
Failed to open VDPAU backend libvdpau_va_gl.so: cannot open shared object file: No such file or directory
JavaScript error: https://members.bet365.com/Members/javascript/Release/swfobject_v0.js, line 1: Error: Permission denied to access property "href"
JavaScript error: https://www.bet365.com/home/js/globals_vA058cr.js, line 2: TypeError: $0i is undefined

(firefox:9399): GLib-GObject-CRITICAL **: g_type_add_interface_static: assertion 'g_type_parent (interface_type) == G_TYPE_INTERFACE' failed

(firefox:9399): GLib-GObject-CRITICAL **: g_type_add_interface_static: assertion 'g_type_parent (interface_type) == G_TYPE_INTERFACE' failed

(firefox:9399): GLib-GObject-CRITICAL **: g_type_add_interface_static: assertion 'g_type_parent (interface_type) == G_TYPE_INTERFACE' failed

(firefox:9399): GLib-GObject-CRITICAL **: g_type_add_interface_static: assertion 'g_type_parent (interface_type) == G_TYPE_INTERFACE' failed

(firefox:9399): GLib-GObject-CRITICAL **: g_type_add_interface_static: assertion 'g_type_parent (interface_type) == G_TYPE_INTERFACE' failed

(firefox:9399): GLib-GObject-CRITICAL **: g_type_add_interface_static: assertion 'g_type_parent (interface_type) == G_TYPE_INTERFACE' failed
JavaScript warning: https://www.bet365.com/betslip/javascript/min/3.0.10.0/betslip.js, line 2: Using //@ to indicate sourceMappingURL pragmas is deprecated. Use //# instead
JavaScript warning: https://www.bet365.com/betslip/javascript/min/3.0.10.0/betslip.js, line 2: Using //@ to indicate sourceMappingURL pragmas is deprecated. Use //# instead
JavaScript warning: https://members.bet365.com/Members/History/Scripts/js/jquery-1.10.2.min.js, line 1: Using //@ to indicate sourceMappingURL pragmas is deprecated. Use //# instead

(firefox:9399): GLib-GObject-CRITICAL **: g_type_add_interface_static: assertion 'g_type_parent (interface_type) == G_TYPE_INTERFACE' failed

(firefox:9399): GLib-GObject-WARNING **: /build/glib2.0-8EA4QF/glib2.0-2.48.1/./gobject/gsignal.c:3486: signal name 'selection_changed' is invalid for instance '0xa36c2730' of type 'MaiAtkType139'
1488321846226	geckodriver	INFO	Listening on 127.0.0.1:42970
1488321847220	mozprofile::profile	INFO	Using profile path /tmp/rust_mozprofile.Yh4MNiJqGGwy
1488321847222	geckodriver::marionette	INFO	Starting browser /usr/bin/firefox
1488321847227	geckodriver::marionette	INFO	Connecting to Marionette on localhost:44786
1488321848677	addons.xpi	WARN	Add-on langpack-en-GB@firefox.mozilla.org is not compatible with application version.
1488321848680	addons.xpi	WARN	Add-on langpack-en-GB@firefox.mozilla.org is not compatible with application version.
1488321848721	addons.xpi	WARN	Add-on langpack-en-ZA@firefox.mozilla.org is not compatible with application version.
1488321848723	addons.xpi	WARN	Add-on langpack-en-ZA@firefox.mozilla.org is not compatible with application version.
1488321849683	Marionette	INFO	Listening on port 44786
1488321850047	addons.xpi	WARN	Add-on langpack-en-GB@firefox.mozilla.org is not compatible with application version.
1488321850049	addons.xpi	WARN	Add-on langpack-en-ZA@firefox.mozilla.org is not compatible with application version.
1488321850063	addons.xpi	WARN	Add-on langpack-en-GB@firefox.mozilla.org is not compatible with application version.
1488321850064	addons.xpi	WARN	Add-on langpack-en-ZA@firefox.mozilla.org is not compatible with application version.
Vector smash protection is enabled.
JavaScript error: , line 0: Error: Permission denied to access property "href"
Failed to open VDPAU backend libvdpau_va_gl.so: cannot open shared object file: No such file or directory
JavaScript error: https://members.bet365.com/Members/javascript/Release/swfobject_v0.js, line 1: Error: Permission denied to access property "href"
JavaScript error: https://www.bet365.com/home/js/globals_vA058cr.js, line 2: TypeError: $0i is undefined

(firefox:9567): GLib-GObject-CRITICAL **: g_type_add_interface_static: assertion 'g_type_parent (interface_type) == G_TYPE_INTERFACE' failed

(firefox:9567): GLib-GObject-CRITICAL **: g_type_add_interface_static: assertion 'g_type_parent (interface_type) == G_TYPE_INTERFACE' failed

(firefox:9567): GLib-GObject-CRITICAL **: g_type_add_interface_static: assertion 'g_type_parent (interface_type) == G_TYPE_INTERFACE' failed

(firefox:9567): GLib-GObject-CRITICAL **: g_type_add_interface_static: assertion 'g_type_parent (interface_type) == G_TYPE_INTERFACE' failed

(firefox:9567): GLib-GObject-CRITICAL **: g_type_add_interface_static: assertion 'g_type_parent (interface_type) == G_TYPE_INTERFACE' failed

(firefox:9567): GLib-GObject-CRITICAL **: g_type_add_interface_static: assertion 'g_type_parent (interface_type) == G_TYPE_INTERFACE' failed
JavaScript warning: https://www.bet365.com/betslip/javascript/min/3.0.10.0/betslip.js, line 2: Using //@ to indicate sourceMappingURL pragmas is deprecated. Use //# instead
JavaScript warning: https://www.bet365.com/betslip/javascript/min/3.0.10.0/betslip.js, line 2: Using //@ to indicate sourceMappingURL pragmas is deprecated. Use //# instead
JavaScript warning: https://members.bet365.com/Members/History/Scripts/js/jquery-1.10.2.min.js, line 1: Using //@ to indicate sourceMappingURL pragmas is deprecated. Use //# instead

(firefox:9567): GLib-GObject-CRITICAL **: g_type_add_interface_static: assertion 'g_type_parent (interface_type) == G_TYPE_INTERFACE' failed

(firefox:9567): GLib-GObject-WARNING **: /build/glib2.0-8EA4QF/glib2.0-2.48.1/./gobject/gsignal.c:3486: signal name 'selection_changed' is invalid for instance '0x9ef32f40' of type 'MaiAtkType139'
1488321918372	geckodriver	INFO	Listening on 127.0.0.1:45260
1488321919366	mozprofile::profile	INFO	Using profile path /tmp/rust_mozprofile.PhJi2QETe0pa
1488321919368	geckodriver::marionette	INFO	Starting browser /usr/bin/firefox
1488321919374	geckodriver::marionette	INFO	Connecting to Marionette on localhost:38013
1488321920702	addons.xpi	WARN	Add-on langpack-en-GB@firefox.mozilla.org is not compatible with application version.
1488321920705	addons.xpi	WARN	Add-on langpack-en-GB@firefox.mozilla.org is not compatible with application version.
1488321920746	addons.xpi	WARN	Add-on langpack-en-ZA@firefox.mozilla.org is not compatible with application version.
1488321920748	addons.xpi	WARN	Add-on langpack-en-ZA@firefox.mozilla.org is not compatible with application version.
1488321921662	Marionette	INFO	Listening on port 38013
1488321922043	addons.xpi	WARN	Add-on langpack-en-GB@firefox.mozilla.org is not compatible with application version.
1488321922045	addons.xpi	WARN	Add-on langpack-en-ZA@firefox.mozilla.org is not compatible with application version.
1488321922059	addons.xpi	WARN	Add-on langpack-en-GB@firefox.mozilla.org is not compatible with application version.
1488321922060	addons.xpi	WARN	Add-on langpack-en-ZA@firefox.mozilla.org is not compatible with application version.
Vector smash protection is enabled.
JavaScript error: , line 0: Error: Permission denied to access property "href"
Failed to open VDPAU backend libvdpau_va_gl.so: cannot open shared object file: No such file or directory
JavaScript error: https://members.bet365.com/Members/javascript/Release/swfobject_v0.js, line 1: Error: Permission denied to access property "href"
JavaScript error: https://www.bet365.com/home/js/globals_vA058cr.js, line 2: TypeError: $0i is undefined

(firefox:9753): GLib-GObject-CRITICAL **: g_type_add_interface_static: assertion 'g_type_parent (interface_type) == G_TYPE_INTERFACE' failed

(firefox:9753): GLib-GObject-CRITICAL **: g_type_add_interface_static: assertion 'g_type_parent (interface_type) == G_TYPE_INTERFACE' failed

(firefox:9753): GLib-GObject-CRITICAL **: g_type_add_interface_static: assertion 'g_type_parent (interface_type) == G_TYPE_INTERFACE' failed

(firefox:9753): GLib-GObject-CRITICAL **: g_type_add_interface_static: assertion 'g_type_parent (interface_type) == G_TYPE_INTERFACE' failed

(firefox:9753): GLib-GObject-CRITICAL **: g_type_add_interface_static: assertion 'g_type_parent (interface_type) == G_TYPE_INTERFACE' failed

(firefox:9753): GLib-GObject-CRITICAL **: g_type_add_interface_static: assertion 'g_type_parent (interface_type) == G_TYPE_INTERFACE' failed
JavaScript warning: https://www.bet365.com/betslip/javascript/min/3.0.10.0/betslip.js, line 2: Using //@ to indicate sourceMappingURL pragmas is deprecated. Use //# instead
JavaScript warning: https://members.bet365.com/Members/History/Scripts/js/jquery-1.10.2.min.js, line 1: Using //@ to indicate sourceMappingURL pragmas is deprecated. Use //# instead

(firefox:9753): GLib-GObject-CRITICAL **: g_type_add_interface_static: assertion 'g_type_parent (interface_type) == G_TYPE_INTERFACE' failed

(firefox:9753): GLib-GObject-WARNING **: /build/glib2.0-8EA4QF/glib2.0-2.48.1/./gobject/gsignal.c:3486: signal name 'selection_changed' is invalid for instance '0x98846ee0' of type 'MaiAtkType139'
1488322043568	geckodriver	INFO	Listening on 127.0.0.1:49330
1488322044563	mozprofile::profile	INFO	Using profile path /tmp/rust_mozprofile.UG5IXrKLaQ8Z
1488322044568	geckodriver::marionette	INFO	Starting browser /usr/bin/firefox
1488322044575	geckodriver::marionette	INFO	Connecting to Marionette on localhost:40777
1488322046034	addons.xpi	WARN	Add-on langpack-en-GB@firefox.mozilla.org is not compatible with application version.
1488322046038	addons.xpi	WARN	Add-on langpack-en-GB@firefox.mozilla.org is not compatible with application version.
1488322046079	addons.xpi	WARN	Add-on langpack-en-ZA@firefox.mozilla.org is not compatible with application version.
1488322046081	addons.xpi	WARN	Add-on langpack-en-ZA@firefox.mozilla.org is not compatible with application version.
1488322047077	Marionette	INFO	Listening on port 40777
1488322047527	addons.xpi	WARN	Add-on langpack-en-GB@firefox.mozilla.org is not compatible with application version.
1488322047529	addons.xpi	WARN	Add-on langpack-en-ZA@firefox.mozilla.org is not compatible with application version.
1488322047543	addons.xpi	WARN	Add-on langpack-en-GB@firefox.mozilla.org is not compatible with application version.
1488322047545	addons.xpi	WARN	Add-on langpack-en-ZA@firefox.mozilla.org is not compatible with application version.
Vector smash protection is enabled.
JavaScript error: , line 0: Error: Permission denied to access property "href"
Failed to open VDPAU backend libvdpau_va_gl.so: cannot open shared object file: No such file or directory
JavaScript error: https://members.bet365.com/Members/javascript/Release/swfobject_v0.js, line 1: Error: Permission denied to access property "href"
JavaScript error: https://www.bet365.com/home/js/globals_vA058cr.js, line 2: TypeError: $0i is undefined

(firefox:9917): GLib-GObject-CRITICAL **: g_type_add_interface_static: assertion 'g_type_parent (interface_type) == G_TYPE_INTERFACE' failed

(firefox:9917): GLib-GObject-CRITICAL **: g_type_add_interface_static: assertion 'g_type_parent (interface_type) == G_TYPE_INTERFACE' failed

(firefox:9917): GLib-GObject-CRITICAL **: g_type_add_interface_static: assertion 'g_type_parent (interface_type) == G_TYPE_INTERFACE' failed

(firefox:9917): GLib-GObject-CRITICAL **: g_type_add_interface_static: assertion 'g_type_parent (interface_type) == G_TYPE_INTERFACE' failed

(firefox:9917): GLib-GObject-CRITICAL **: g_type_add_interface_static: assertion 'g_type_parent (interface_type) == G_TYPE_INTERFACE' failed

(firefox:9917): GLib-GObject-CRITICAL **: g_type_add_interface_static: assertion 'g_type_parent (interface_type) == G_TYPE_INTERFACE' failed
JavaScript warning: https://www.bet365.com/betslip/javascript/min/3.0.10.0/betslip.js, line 2: Using //@ to indicate sourceMappingURL pragmas is deprecated. Use //# instead
JavaScript warning: https://www.bet365.com/betslip/javascript/min/3.0.10.0/betslip.js, line 2: Using //@ to indicate sourceMappingURL pragmas is deprecated. Use //# instead
JavaScript warning: https://members.bet365.com/Members/History/Scripts/js/jquery-1.10.2.min.js, line 1: Using //@ to indicate sourceMappingURL pragmas is deprecated. Use //# instead

(firefox:9917): GLib-GObject-CRITICAL **: g_type_add_interface_static: assertion 'g_type_parent (interface_type) == G_TYPE_INTERFACE' failed

(firefox:9917): GLib-GObject-WARNING **: /build/glib2.0-8EA4QF/glib2.0-2.48.1/./gobject/gsignal.c:3486: signal name 'selection_changed' is invalid for instance '0x96943760' of type 'MaiAtkType139'
JavaScript error: resource://gre/modules/commonjs/toolkit/loader.js -> resource://devtools/client/inspector/breadcrumbs.js, line 486: TypeError: this.handleMouseLeave is not a function
JavaScript error: resource://gre/modules/commonjs/toolkit/loader.js -> resource://devtools/client/inspector/breadcrumbs.js, line 486: TypeError: this.handleMouseLeave is not a function
JavaScript error: resource://gre/modules/commonjs/toolkit/loader.js -> resource://devtools/client/inspector/breadcrumbs.js, line 486: TypeError: this.handleMouseLeave is not a function
JavaScript error: resource://gre/modules/commonjs/toolkit/loader.js -> resource://devtools/client/inspector/breadcrumbs.js, line 486: TypeError: this.handleMouseLeave is not a function
JavaScript error: resource://gre/modules/commonjs/toolkit/loader.js -> resource://devtools/client/inspector/breadcrumbs.js, line 486: TypeError: this.handleMouseLeave is not a function
JavaScript error: resource://gre/modules/commonjs/toolkit/loader.js -> resource://devtools/client/inspector/breadcrumbs.js, line 486: TypeError: this.handleMouseLeave is not a function
JavaScript error: resource://gre/modules/commonjs/toolkit/loader.js -> resource://devtools/client/inspector/breadcrumbs.js, line 486: TypeError: this.handleMouseLeave is not a function
JavaScript error: resource://gre/modules/commonjs/toolkit/loader.js -> resource://devtools/client/inspector/breadcrumbs.js, line 486: TypeError: this.handleMouseLeave is not a function
JavaScript error: resource://gre/modules/commonjs/toolkit/loader.js -> resource://devtools/client/inspector/breadcrumbs.js, line 486: TypeError: this.handleMouseLeave is not a function
JavaScript error: resource://gre/modules/commonjs/toolkit/loader.js -> resource://devtools/client/inspector/breadcrumbs.js, line 486: TypeError: this.handleMouseLeave is not a function
1488322419144	geckodriver	INFO	Listening on 127.0.0.1:46503
1488322420138	mozprofile::profile	INFO	Using profile path /tmp/rust_mozprofile.73pO0baEBbpE
1488322420141	geckodriver::marionette	INFO	Starting browser /usr/bin/firefox
1488322420146	geckodriver::marionette	INFO	Connecting to Marionette on localhost:33945
1488322421494	addons.xpi	WARN	Add-on langpack-en-GB@firefox.mozilla.org is not compatible with application version.
1488322421498	addons.xpi	WARN	Add-on langpack-en-GB@firefox.mozilla.org is not compatible with application version.
1488322421538	addons.xpi	WARN	Add-on langpack-en-ZA@firefox.mozilla.org is not compatible with application version.
1488322421541	addons.xpi	WARN	Add-on langpack-en-ZA@firefox.mozilla.org is not compatible with application version.
1488322422437	Marionette	INFO	Listening on port 33945
1488322422851	addons.xpi	WARN	Add-on langpack-en-GB@firefox.mozilla.org is not compatible with application version.
1488322422853	addons.xpi	WARN	Add-on langpack-en-ZA@firefox.mozilla.org is not compatible with application version.
1488322422867	addons.xpi	WARN	Add-on langpack-en-GB@firefox.mozilla.org is not compatible with application version.
1488322422868	addons.xpi	WARN	Add-on langpack-en-ZA@firefox.mozilla.org is not compatible with application version.
Vector smash protection is enabled.
JavaScript error: , line 0: Error: Permission denied to access property "href"
Failed to open VDPAU backend libvdpau_va_gl.so: cannot open shared object file: No such file or directory
JavaScript error: https://members.bet365.com/Members/javascript/Release/swfobject_v0.js, line 1: Error: Permission denied to access property "href"
JavaScript error: https://www.bet365.com/home/js/globals_vA058cr.js, line 2: TypeError: $0i is undefined

(firefox:10207): GLib-GObject-CRITICAL **: g_type_add_interface_static: assertion 'g_type_parent (interface_type) == G_TYPE_INTERFACE' failed

(firefox:10207): GLib-GObject-CRITICAL **: g_type_add_interface_static: assertion 'g_type_parent (interface_type) == G_TYPE_INTERFACE' failed

(firefox:10207): GLib-GObject-CRITICAL **: g_type_add_interface_static: assertion 'g_type_parent (interface_type) == G_TYPE_INTERFACE' failed

(firefox:10207): GLib-GObject-CRITICAL **: g_type_add_interface_static: assertion 'g_type_parent (interface_type) == G_TYPE_INTERFACE' failed

(firefox:10207): GLib-GObject-CRITICAL **: g_type_add_interface_static: assertion 'g_type_parent (interface_type) == G_TYPE_INTERFACE' failed

(firefox:10207): GLib-GObject-CRITICAL **: g_type_add_interface_static: assertion 'g_type_parent (interface_type) == G_TYPE_INTERFACE' failed
JavaScript warning: https://www.bet365.com/betslip/javascript/min/3.0.10.0/betslip.js, line 2: Using //@ to indicate sourceMappingURL pragmas is deprecated. Use //# instead
JavaScript warning: https://members.bet365.com/Members/History/Scripts/js/jquery-1.10.2.min.js, line 1: Using //@ to indicate sourceMappingURL pragmas is deprecated. Use //# instead

(firefox:10207): GLib-GObject-CRITICAL **: g_type_add_interface_static: assertion 'g_type_parent (interface_type) == G_TYPE_INTERFACE' failed

(firefox:10207): GLib-GObject-WARNING **: /build/glib2.0-8EA4QF/glib2.0-2.48.1/./gobject/gsignal.c:3486: signal name 'selection_changed' is invalid for instance '0xa4cb0bb0' of type 'MaiAtkType139'
1488322501993	geckodriver	INFO	Listening on 127.0.0.1:37008
1488322502988	mozprofile::profile	INFO	Using profile path /tmp/rust_mozprofile.cfP0LmBswVyE
1488322502990	geckodriver::marionette	INFO	Starting browser /usr/bin/firefox
1488322502995	geckodriver::marionette	INFO	Connecting to Marionette on localhost:35782
1488322504353	addons.xpi	WARN	Add-on langpack-en-GB@firefox.mozilla.org is not compatible with application version.
1488322504356	addons.xpi	WARN	Add-on langpack-en-GB@firefox.mozilla.org is not compatible with application version.
1488322504396	addons.xpi	WARN	Add-on langpack-en-ZA@firefox.mozilla.org is not compatible with application version.
1488322504398	addons.xpi	WARN	Add-on langpack-en-ZA@firefox.mozilla.org is not compatible with application version.
1488322505306	Marionette	INFO	Listening on port 35782
1488322505774	addons.xpi	WARN	Add-on langpack-en-GB@firefox.mozilla.org is not compatible with application version.
1488322505777	addons.xpi	WARN	Add-on langpack-en-ZA@firefox.mozilla.org is not compatible with application version.
1488322505790	addons.xpi	WARN	Add-on langpack-en-GB@firefox.mozilla.org is not compatible with application version.
1488322505792	addons.xpi	WARN	Add-on langpack-en-ZA@firefox.mozilla.org is not compatible with application version.
Vector smash protection is enabled.
JavaScript error: , line 0: Error: Permission denied to access property "href"
Failed to open VDPAU backend libvdpau_va_gl.so: cannot open shared object file: No such file or directory
JavaScript error: https://members.bet365.com/Members/javascript/Release/swfobject_v0.js, line 1: Error: Permission denied to access property "href"
JavaScript error: https://www.bet365.com/home/js/globals_vA058cr.js, line 2: TypeError: $0i is undefined

(firefox:10346): GLib-GObject-CRITICAL **: g_type_add_interface_static: assertion 'g_type_parent (interface_type) == G_TYPE_INTERFACE' failed

(firefox:10346): GLib-GObject-CRITICAL **: g_type_add_interface_static: assertion 'g_type_parent (interface_type) == G_TYPE_INTERFACE' failed

(firefox:10346): GLib-GObject-CRITICAL **: g_type_add_interface_static: assertion 'g_type_parent (interface_type) == G_TYPE_INTERFACE' failed

(firefox:10346): GLib-GObject-CRITICAL **: g_type_add_interface_static: assertion 'g_type_parent (interface_type) == G_TYPE_INTERFACE' failed

(firefox:10346): GLib-GObject-CRITICAL **: g_type_add_interface_static: assertion 'g_type_parent (interface_type) == G_TYPE_INTERFACE' failed

(firefox:10346): GLib-GObject-CRITICAL **: g_type_add_interface_static: assertion 'g_type_parent (interface_type) == G_TYPE_INTERFACE' failed
JavaScript warning: https://www.bet365.com/betslip/javascript/min/3.0.10.0/betslip.js, line 2: Using //@ to indicate sourceMappingURL pragmas is deprecated. Use //# instead
JavaScript warning: https://www.bet365.com/betslip/javascript/min/3.0.10.0/betslip.js, line 2: Using //@ to indicate sourceMappingURL pragmas is deprecated. Use //# instead
JavaScript warning: https://members.bet365.com/Members/History/Scripts/js/jquery-1.10.2.min.js, line 1: Using //@ to indicate sourceMappingURL pragmas is deprecated. Use //# instead

(firefox:10346): GLib-GObject-CRITICAL **: g_type_add_interface_static: assertion 'g_type_parent (interface_type) == G_TYPE_INTERFACE' failed

(firefox:10346): GLib-GObject-WARNING **: /build/glib2.0-8EA4QF/glib2.0-2.48.1/./gobject/gsignal.c:3486: signal name 'selection_changed' is invalid for instance '0x964109d0' of type 'MaiAtkType139'
JavaScript warning: https://members.bet365.com/Members/History/Scripts/js/jquery-1.10.2.min.js, line 1: Using //@ to indicate sourceMappingURL pragmas is deprecated. Use //# instead
*************************
A coding exception was thrown and uncaught in a Task.

Full message: TypeError: NetworkError when attempting to fetch resource.
Full stack: 
*************************
1488323107185	addons.xpi	WARN	Add-on langpack-en-GB@firefox.mozilla.org is not compatible with application version.
1488323107187	addons.xpi	WARN	Add-on langpack-en-ZA@firefox.mozilla.org is not compatible with application version.
1488323225162	addons.xpi	WARN	Add-on langpack-en-GB@firefox.mozilla.org is not compatible with application version.
1488323225167	addons.xpi	WARN	Add-on langpack-en-ZA@firefox.mozilla.org is not compatible with application version.
